Os Simpsons ## Série de desenho animado ## 21–24 minutos ## Estados Unidos ## Inglês ## Fox ## 17 de dezembro de 1989 – presente ## 28 ## 618
Everybody Hates Chris ## Sitcom ## 22 min. aprox. ## Estados Unidos ## Inglês ##  UPN (2005-2006) ## 22 de setembro de 2005 - 8 de maio de 2009 ## 4 ## 88
How I Met Your Mother ## Sitcom ## 23 min. aprox. ## Estados Unidos ## Inglês ##  CBS ## 19 de setembro de 2005–31 de março de 2014 ## 9 ## 208
The Big Bang Theory ## Série ## 23 min. aprox. ## Estados Unidos ## inglês ##  CBS ## 24 de setembro de 2007 - presente ## 10 ## 231
The Ranch ## Websérie ## 28 - 32 minutos ## Estados Unidos ## inglês ## Netflix ## 1 de abril de 2016(2016-04-01)[1] ## 2 ## 30
Gotham ## Série ## 40-49 minutos ## Estados Unidos ## Inglês ##  FOX ##  22 de setembro de 2014 - presente ## 3 ## 88
12 Monkeys ## Série ## 40–47 minutos ## Estados Unidos ## Inglês ## Syfy ## 16 de janeiro de 2015(2015-01-16) – atualmente(atualmente) ## 3 ## 36
Grey's Anatomy ## Série ## 42 min. aprox. ## Estados Unidos  ## Inglês ## ABC ## 27 de Março de 2005 - presente ## 14 ## 293
Prison Break ## Série ## 42 minutos ## Estados Unidos ## Inglês ## Fox ## 29 de agosto de 2005(2005-08-29) – 30 de maio de 2017(2017-05-30) ## 5 ## 90
The 100 ## Série ## 42 minutos ## Estados Unidos ## Inglês ## The CW ## 19 de março de 2014(2014-03-19) – presente ## 4 ## 58
The 4400 ## Série ## 42 minutos ## Estados Unidos ## Inglês ##  USA Network ## 11 de julho de 2004 - 16 de setembro de 2007 ## 4 ## 44
The Vampire Diaries ## Série ## 42 minutos (Aproximadamente) ## Estados Unidos ## Inglês ##  The CW ## 10 de setembro de 2009 – 10 de março de 2017 ## 8 ## 171
Grimm ## Série ## 42 minutos aprox. ##  Estados Unidos ##  Inglês ## NBC ## 21 de outubro de 2011 - 31 de março de 2017 ## 6 ## 123
Narcos ## Série ## 43 a 57 minutos ## Estados Unidos ## Inglês ##  Netflix ## 28 de agosto de 2015 - presente ## 2 ## 20
Castle ## Série ## 43 minutos ## Estados Unidos ## Inglês ##  ABC ## 9 de março de 2009 – 16 de maio de 2016 ## 8 ## 173
Once Upon a Time ## Série ## 43 minutos ## Estados Unidos ## Inglês ## ABC ## 23 de outubro de 2011 – atualmente ## 6 ## 133
Anne ## Série ## 44 minutos ## Canadá ## Inglês ## CBC Television ## 19 de março de 2017 – atualmente ## 1 ## 7
Black Mirror ## Série ## 44–89 minutos ## Reino Unido ## Inglês ## Channel 4 (2011–2014) ## 4 de dezembro de 2011(2011-12-04) – presente ## 3 ## 13
Criminal Minds ## Série ## 45 minutos ## Estados Unidos ## Inglês ## CBS ## 22 de Setembro de 2005 – Presente ## 12 ## 277
The Originals ## Série ## 45 minutos (aproximadamente) ## Estados Unidos ## Inglês ##  The CW ## 3 de outubro de 2013 - presente ## 4 ## 79
Under the Dome ## Série ## 45 minutos (aproximadamente) ## Estados Unidos ## Inglês ##  CBS ## 24 de junho de 2013 - 10 de setembro de 2015 ## 3 ## 39
Vikings ## Série ## 45 minutos (aproximadamente) ## Canadá / Irlanda ## Inglês ## History ## 3 de março de 2013 - presente ## 4 ## 49
Downton Abbey ## Série ## 45-67 min ## Reino Unido ## Inglês ##  ITV ## 26 de setembro de 2010 - 25 de dezembro de 2015 ## 6 ## 52
Breaking Bad ## Série ## 47–58 minutos ## Estados Unidos ## Inglês ## AMC ## 20 de janeiro de 2008 — ## 5 ## 62
Outlander ## Série ## 50 min. ## Reino Unido ## inglês ## Starz ## 9 de agosto de 2014 - presente ## 2 ## 29
Game of Thrones ## Série ## 50–69 minutos ## Estados Unidos ## Inglês ## HBO ## 17 de abril de 2011(2011-04-17) – presente ## 7 ## 61
Orange Is the New Black ## Série ## 51–92 minutos ## Estados Unidos ## Inglês ## Netflix ## 11 de julho de 2013(2013-07-11) – presente ## 5 ## 65
Scorpion ## Série ## 51–92 minutos ## Estados Unidos ## inglês ##  CBS ## 22 de setembro de 2014 – presente ## 3 ## 71
Smallville ## Série ## 51–92 minutos ## Estados Unidos ## Inglês ##  The WB (2001-06) ## 16 de Outubro de 2001 – 13 de maio de 2011[1] ## 10 ## 217
True Detective ## Série ## 54 - 60 minutos ## Estados Unidos ## inglês ## HBO ## 12 de janeiro de 2014 – 9 de agosto de 2015 ## 2 ## 16
House of Cards ## Websérie ## 55 min. aprox. ## Estados Unidos ## Inglês ## Netflix ## 1 de fevereiro de 2013 – presente ## 5 ## 65
Sherlock ## Série ## 85-90 minutos ## Reino Unido ## Inglês ## BBC One ## 25 de julho de 2010 – presente ## 4 ## 13
Doctor Who ## Série ## Episódios regulares ## Reino Unido ## Inglês ## BBC One ## 23 de novembro de 1963 – atualmente ## 26 ## 819
Friends ## Sitcom ## aprox. 22 min. (sem publicidade) ## Estados Unidos ## inglês ##  NBC ## 22 de setembro de 1994 – 6 de maio de 2004 ## 10 ## 236
The Fresh Prince of Bel-Air ## Sitcom ## aprox. 23 mim. ## Estados Unidos ## Inglês ## NBC ## 10 de Setembro de 1990 – 20 de Maio de 1996 ## 6 ## 148
